

times in msec
 clock   self+sourced   self:  sourced script
 clock   elapsed:              other lines

000.008  000.008: --- NVIM STARTING ---
000.943  000.935: locale set
002.037  001.094: inits 1
002.071  000.034: window checked
002.075  000.005: parsing arguments
002.427  000.352: expanding arguments
002.519  000.093: inits 2
003.166  000.647: init highlight
003.168  000.002: waiting for UI
008.010  004.842: done waiting for UI
008.069  000.058: initialized screen early for UI
008.914  000.066  000.066: sourcing /Users/steven/.config/nvim/general/functions.vim
009.980  000.427  000.427: sourcing /usr/local/Cellar/neovim/HEAD-d6d4e3d/share/nvim/runtime/syntax/syncolor.vim
010.498  001.120  000.693: sourcing /usr/local/Cellar/neovim/HEAD-d6d4e3d/share/nvim/runtime/syntax/synload.vim
022.151  011.500  011.500: sourcing /usr/local/Cellar/neovim/HEAD-d6d4e3d/share/nvim/runtime/filetype.vim
022.553  013.382  000.762: sourcing /usr/local/Cellar/neovim/HEAD-d6d4e3d/share/nvim/runtime/syntax/syntax.vim
023.131  000.214  000.214: sourcing /usr/local/Cellar/neovim/HEAD-d6d4e3d/share/nvim/runtime/syntax/syncolor.vim
023.812  014.819  001.223: sourcing /Users/steven/.config/nvim/general/settings.vim
024.168  000.252  000.252: sourcing /Users/steven/.config/nvim/keys/mappings.vim
024.285  000.039  000.039: sourcing /Users/steven/.config/nvim/plug-config/airline.vim
025.004  000.652  000.652: sourcing /Users/steven/.config/nvim/plug-config/coc.vim
025.169  000.063  000.063: sourcing /Users/steven/.config/nvim/plug-config/floaterm.vim
025.535  000.287  000.287: sourcing /Users/steven/.config/nvim/plug-config/fzf.vim
025.643  000.013  000.013: sourcing /Users/steven/.config/nvim/plug-config/signify.vim
025.800  000.083  000.083: sourcing /Users/steven/.config/nvim/plug-config/vimspector.vim
028.314  002.302  002.302: sourcing /Users/steven/.config/nvim/autoload/plug.vim
035.428  002.210  002.210: sourcing /usr/local/Cellar/neovim/HEAD-d6d4e3d/share/nvim/runtime/ftoff.vim
039.620  000.019  000.019: sourcing /Users/steven/.config/nvim/autoload/plugged/vim-polyglot/filetype.vim
049.554  000.027  000.027: sourcing /Users/steven/.config/nvim/autoload/plugged/vim-polyglot/ftdetect/polyglot.vim
049.812  000.022  000.022: sourcing /Users/steven/.config/nvim/autoload/plugged/vim-fugitive/ftdetect/fugitive.vim
050.462  010.450  010.401: sourcing /usr/local/Cellar/neovim/HEAD-d6d4e3d/share/nvim/runtime/filetype.vim
050.946  000.021  000.021: sourcing /Users/steven/.config/nvim/autoload/plugged/vim-polyglot/ftdetect/polyglot.vim
051.211  000.020  000.020: sourcing /Users/steven/.config/nvim/autoload/plugged/vim-fugitive/ftdetect/fugitive.vim
072.694  033.700  023.190: sourcing /Users/steven/.config/nvim/autoload/plugged/vim-polyglot/autoload/polyglot/init.vim
072.720  033.832  000.132: sourcing /Users/steven/.config/nvim/autoload/plugged/vim-polyglot/filetype.vim
073.077  000.028  000.028: sourcing /usr/local/Cellar/neovim/HEAD-d6d4e3d/share/nvim/runtime/filetype.vim
073.772  000.061  000.061: sourcing /usr/local/Cellar/neovim/HEAD-d6d4e3d/share/nvim/runtime/ftplugin.vim
074.416  000.053  000.053: sourcing /usr/local/Cellar/neovim/HEAD-d6d4e3d/share/nvim/runtime/indent.vim
076.208  000.232  000.232: sourcing /usr/local/Cellar/neovim/HEAD-d6d4e3d/share/nvim/runtime/syntax/syncolor.vim
077.436  000.207  000.207: sourcing /usr/local/Cellar/neovim/HEAD-d6d4e3d/share/nvim/runtime/syntax/syncolor.vim
091.327  016.422  015.984: sourcing /Users/steven/.config/nvim/colors/mountaineer-grey.vim
091.364  065.486  010.578: sourcing /Users/steven/.config/nvim/vim-plug/plugins.vim
091.703  000.196  000.196: sourcing /Users/steven/.config/nvim/plug-config/minimap.vim
091.909  000.109  000.109: sourcing /Users/steven/.config/nvim/plug-config/closetag.vim
092.593  000.083  000.083: sourcing /Users/steven/.config/nvim/autoload/plugged/vim-airline/autoload/airline/themes.vim
093.088  000.285  000.285: sourcing /Users/steven/.config/nvim/autoload/plugged/vim-airline/autoload/airline/highlighter.vim
095.688  003.428  003.060: sourcing /Users/steven/.config/nvim/autoload/plugged/vim-airline-themes/autoload/airline/themes/zenburn.vim
098.402  006.405  002.977: sourcing /Users/steven/.config/nvim/autoload/plugged/vim-airline-themes/autoload/airline/themes/zenburn.vim
098.537  089.791  001.322: sourcing /Users/steven/.config/nvim/init.vim
098.545  000.685: sourcing vimrc file(s)
099.866  000.388  000.388: sourcing /Users/steven/.config/nvim/autoload/plugged/NERDTree/autoload/nerdtree.vim
101.066  000.677  000.677: sourcing /Users/steven/.config/nvim/autoload/plugged/NERDTree/lib/nerdtree/path.vim
101.412  000.235  000.235: sourcing /Users/steven/.config/nvim/autoload/plugged/NERDTree/lib/nerdtree/menu_controller.vim
101.651  000.127  000.127: sourcing /Users/steven/.config/nvim/autoload/plugged/NERDTree/lib/nerdtree/menu_item.vim
102.002  000.180  000.180: sourcing /Users/steven/.config/nvim/autoload/plugged/NERDTree/lib/nerdtree/key_map.vim
102.425  000.300  000.300: sourcing /Users/steven/.config/nvim/autoload/plugged/NERDTree/lib/nerdtree/bookmark.vim
102.842  000.305  000.305: sourcing /Users/steven/.config/nvim/autoload/plugged/NERDTree/lib/nerdtree/tree_file_node.vim
103.505  000.552  000.552: sourcing /Users/steven/.config/nvim/autoload/plugged/NERDTree/lib/nerdtree/tree_dir_node.vim
103.876  000.275  000.275: sourcing /Users/steven/.config/nvim/autoload/plugged/NERDTree/lib/nerdtree/opener.vim
104.260  000.283  000.283: sourcing /Users/steven/.config/nvim/autoload/plugged/NERDTree/lib/nerdtree/creator.vim
104.438  000.070  000.070: sourcing /Users/steven/.config/nvim/autoload/plugged/NERDTree/lib/nerdtree/flag_set.vim
104.701  000.170  000.170: sourcing /Users/steven/.config/nvim/autoload/plugged/NERDTree/lib/nerdtree/nerdtree.vim
105.246  000.450  000.450: sourcing /Users/steven/.config/nvim/autoload/plugged/NERDTree/lib/nerdtree/ui.vim
105.433  000.030  000.030: sourcing /Users/steven/.config/nvim/autoload/plugged/NERDTree/lib/nerdtree/event.vim
105.579  000.054  000.054: sourcing /Users/steven/.config/nvim/autoload/plugged/NERDTree/lib/nerdtree/notifier.vim
106.271  000.582  000.582: sourcing /Users/steven/.config/nvim/autoload/plugged/NERDTree/autoload/nerdtree/ui_glue.vim
110.800  000.144  000.144: sourcing /Users/steven/.config/nvim/autoload/plugged/NERDTree/nerdtree_plugin/exec_menuitem.vim
112.139  000.326  000.326: sourcing /usr/local/Cellar/neovim/HEAD-d6d4e3d/share/nvim/runtime/autoload/provider/clipboard.vim
112.687  001.813  001.487: sourcing /Users/steven/.config/nvim/autoload/plugged/NERDTree/nerdtree_plugin/fs_menu.vim
112.849  000.062  000.062: sourcing /Users/steven/.config/nvim/autoload/plugged/NERDTree/nerdtree_plugin/vcs.vim
114.257  000.565  000.565: sourcing /Users/steven/.config/nvim/autoload/plugged/vim-devicons/nerdtree_plugin/webdevicons.vim
115.120  015.920  008.662: sourcing /Users/steven/.config/nvim/autoload/plugged/NERDTree/plugin/NERD_tree.vim
115.928  000.528  000.528: sourcing /Users/steven/.config/nvim/autoload/plugged/auto-pairs/plugin/auto-pairs.vim
116.590  000.178  000.178: sourcing /Users/steven/.config/nvim/autoload/plugged/coc.nvim/autoload/coc/rpc.vim
117.452  000.728  000.728: sourcing /Users/steven/.config/nvim/autoload/plugged/coc.nvim/autoload/coc/util.vim
118.580  000.749  000.749: sourcing /Users/steven/.config/nvim/autoload/plugged/coc.nvim/autoload/coc/client.vim
126.897  010.721  009.067: sourcing /Users/steven/.config/nvim/autoload/plugged/coc.nvim/plugin/coc.vim
128.489  001.245  001.245: sourcing /Users/steven/.config/nvim/autoload/plugged/quick-scope/plugin/quick_scope.vim
136.978  008.204  008.204: sourcing /Users/steven/.config/nvim/autoload/plugged/nerdcommenter/plugin/NERD_commenter.vim
138.115  000.844  000.844: sourcing /Users/steven/.config/nvim/autoload/plugged/vim-closetag/plugin/closetag.vim
139.265  000.820  000.820: sourcing /Users/steven/.config/nvim/autoload/plugged/vim-surround/plugin/surround.vim
140.011  000.370  000.370: sourcing /Users/steven/.config/nvim/autoload/plugged/vim-signify/plugin/signify.vim
142.969  002.643  002.643: sourcing /Users/steven/.config/nvim/autoload/plugged/vim-fugitive/plugin/fugitive.vim
143.870  000.565  000.565: sourcing /Users/steven/.config/nvim/autoload/plugged/vim-rhubarb/plugin/rhubarb.vim
144.412  000.304  000.304: sourcing /Users/steven/.config/nvim/autoload/plugged/gv.vim/plugin/gv.vim
145.746  001.063  001.063: sourcing /Users/steven/.config/nvim/autoload/plugged/fzf/plugin/fzf.vim
147.482  001.475  001.475: sourcing /Users/steven/.config/nvim/autoload/plugged/fzf.vim/plugin/fzf.vim
148.159  000.399  000.399: sourcing /Users/steven/.config/nvim/autoload/plugged/vim-rooter/plugin/rooter.vim
149.105  000.152  000.152: sourcing /Users/steven/.config/nvim/autoload/plugged/vim-airline/autoload/airline/init.vim
149.818  000.127  000.127: sourcing /Users/steven/.config/nvim/autoload/plugged/vim-airline/autoload/airline/parts.vim
150.290  000.028  000.028: sourcing /Users/steven/.config/nvim/autoload/plugged/vim-airline/autoload/airline/formatter/short_path.vim
152.334  000.269  000.269: sourcing /Users/steven/.config/nvim/autoload/plugged/vim-airline/autoload/airline/util.vim
152.493  004.049  003.473: sourcing /Users/steven/.config/nvim/autoload/plugged/vim-airline/plugin/airline.vim
152.916  000.067  000.067: sourcing /Users/steven/.config/nvim/autoload/plugged/vim-airline-themes/plugin/airline-themes.vim
153.369  000.205  000.205: sourcing /Users/steven/.config/nvim/autoload/plugged/vim-maximizer/plugin/maximizer.vim
154.438  000.662  000.662: sourcing /Users/steven/.config/nvim/autoload/plugged/vim-floaterm/plugin/floaterm.vim
154.767  000.051  000.051: sourcing /Users/steven/.config/nvim/autoload/plugged/nvim-web-devicons/plugin/nvim-web-devicons.vim
156.488  000.236  000.236: sourcing /Users/steven/.config/nvim/autoload/plugged/vim-airline/autoload/airline.vim
158.854  003.864  003.628: sourcing /Users/steven/.config/nvim/autoload/plugged/vim-devicons/plugin/webdevicons.vim
159.298  000.165  000.165: sourcing /Users/steven/.config/nvim/autoload/plugged/vim-startify/plugin/startify.vim
160.303  000.687  000.687: sourcing /Users/steven/.config/nvim/autoload/plugged/vimspector/plugin/vimspector.vim
161.373  000.026  000.026: sourcing /Users/steven/.config/nvim/autoload/plugged/syntastic/plugin/syntastic/autoloclist.vim
161.477  000.023  000.023: sourcing /Users/steven/.config/nvim/autoload/plugged/syntastic/plugin/syntastic/balloons.vim
161.573  000.022  000.022: sourcing /Users/steven/.config/nvim/autoload/plugged/syntastic/plugin/syntastic/checker.vim
161.667  000.021  000.021: sourcing /Users/steven/.config/nvim/autoload/plugged/syntastic/plugin/syntastic/cursor.vim
161.761  000.021  000.021: sourcing /Users/steven/.config/nvim/autoload/plugged/syntastic/plugin/syntastic/highlighting.vim
161.855  000.021  000.021: sourcing /Users/steven/.config/nvim/autoload/plugged/syntastic/plugin/syntastic/loclist.vim
162.001  000.022  000.022: sourcing /Users/steven/.config/nvim/autoload/plugged/syntastic/plugin/syntastic/modemap.vim
162.095  000.020  000.020: sourcing /Users/steven/.config/nvim/autoload/plugged/syntastic/plugin/syntastic/notifiers.vim
162.195  000.023  000.023: sourcing /Users/steven/.config/nvim/autoload/plugged/syntastic/plugin/syntastic/registry.vim
162.298  000.022  000.022: sourcing /Users/steven/.config/nvim/autoload/plugged/syntastic/plugin/syntastic/signs.vim
163.408  000.634  000.634: sourcing /Users/steven/.config/nvim/autoload/plugged/syntastic/autoload/syntastic/util.vim
309.183  000.085  000.085: sourcing /Users/steven/.config/nvim/autoload/plugged/syntastic/plugin/syntastic/autoloclist.vim
309.356  000.088  000.088: sourcing /Users/steven/.config/nvim/autoload/plugged/syntastic/plugin/syntastic/balloons.vim
309.666  000.235  000.235: sourcing /Users/steven/.config/nvim/autoload/plugged/syntastic/plugin/syntastic/checker.vim
309.869  000.123  000.123: sourcing /Users/steven/.config/nvim/autoload/plugged/syntastic/plugin/syntastic/cursor.vim
310.053  000.108  000.108: sourcing /Users/steven/.config/nvim/autoload/plugged/syntastic/plugin/syntastic/highlighting.vim
310.556  000.405  000.405: sourcing /Users/steven/.config/nvim/autoload/plugged/syntastic/plugin/syntastic/loclist.vim
310.827  000.115  000.115: sourcing /Users/steven/.config/nvim/autoload/plugged/syntastic/plugin/syntastic/modemap.vim
311.015  000.110  000.110: sourcing /Users/steven/.config/nvim/autoload/plugged/syntastic/plugin/syntastic/notifiers.vim
311.527  000.435  000.435: sourcing /Users/steven/.config/nvim/autoload/plugged/syntastic/plugin/syntastic/registry.vim
311.737  000.124  000.124: sourcing /Users/steven/.config/nvim/autoload/plugged/syntastic/plugin/syntastic/signs.vim
313.410  151.040  148.577: sourcing /Users/steven/.config/nvim/autoload/plugged/syntastic/plugin/syntastic.vim
316.225  002.387  002.387: sourcing /Users/steven/.config/nvim/autoload/plugged/vim-polyglot/plugin/polyglot.vim
317.754  000.433  000.433: sourcing /usr/local/Cellar/neovim/HEAD-d6d4e3d/share/nvim/runtime/plugin/gzip.vim
317.883  000.027  000.027: sourcing /usr/local/Cellar/neovim/HEAD-d6d4e3d/share/nvim/runtime/plugin/health.vim
318.118  000.146  000.146: sourcing /usr/local/Cellar/neovim/HEAD-d6d4e3d/share/nvim/runtime/plugin/man.vim
320.795  000.477  000.477: sourcing /usr/local/Cellar/neovim/HEAD-d6d4e3d/share/nvim/runtime/pack/dist/opt/matchit/plugin/matchit.vim
320.947  002.724  002.247: sourcing /usr/local/Cellar/neovim/HEAD-d6d4e3d/share/nvim/runtime/plugin/matchit.vim
321.346  000.273  000.273: sourcing /usr/local/Cellar/neovim/HEAD-d6d4e3d/share/nvim/runtime/plugin/matchparen.vim
322.542  001.082  001.082: sourcing /usr/local/Cellar/neovim/HEAD-d6d4e3d/share/nvim/runtime/plugin/netrwPlugin.vim
322.996  000.297  000.297: sourcing /usr/local/Cellar/neovim/HEAD-d6d4e3d/share/nvim/runtime/plugin/rplugin.vim
323.459  000.292  000.292: sourcing /usr/local/Cellar/neovim/HEAD-d6d4e3d/share/nvim/runtime/plugin/shada.vim
323.647  000.052  000.052: sourcing /usr/local/Cellar/neovim/HEAD-d6d4e3d/share/nvim/runtime/plugin/spellfile.vim
324.102  000.349  000.349: sourcing /usr/local/Cellar/neovim/HEAD-d6d4e3d/share/nvim/runtime/plugin/tarPlugin.vim
324.377  000.133  000.133: sourcing /usr/local/Cellar/neovim/HEAD-d6d4e3d/share/nvim/runtime/plugin/tohtml.vim
324.536  000.040  000.040: sourcing /usr/local/Cellar/neovim/HEAD-d6d4e3d/share/nvim/runtime/plugin/tutor.vim
325.087  000.437  000.437: sourcing /usr/local/Cellar/neovim/HEAD-d6d4e3d/share/nvim/runtime/plugin/zipPlugin.vim
325.168  011.840: loading plugins
325.484  000.317: loading packages
325.766  000.282: loading after plugins
325.782  000.015: inits 3
330.772  004.991: reading ShaDa
332.066  000.428  000.428: sourcing /Users/steven/.config/nvim/autoload/plugged/vim-airline/autoload/airline/extensions.vim
332.431  000.085  000.085: sourcing /Users/steven/.config/nvim/autoload/plugged/vim-airline/autoload/airline/extensions/quickfix.vim
332.822  000.057  000.057: sourcing /Users/steven/.config/nvim/autoload/plugged/vim-airline/autoload/airline/extensions/netrw.vim
333.151  000.059  000.059: sourcing /Users/steven/.config/nvim/autoload/plugged/vim-airline/autoload/airline/extensions/fzf.vim
334.028  000.100  000.100: sourcing /Users/steven/.config/nvim/autoload/plugged/vim-airline/autoload/airline/section.vim
334.893  001.277  001.177: sourcing /Users/steven/.config/nvim/autoload/plugged/vim-airline/autoload/airline/extensions/term.vim
335.503  000.163  000.163: sourcing /Users/steven/.config/nvim/autoload/plugged/vim-airline/autoload/airline/extensions/hunks.vim
336.247  000.326  000.326: sourcing /Users/steven/.config/nvim/autoload/plugged/vim-airline/autoload/airline/extensions/branch.vim
336.767  000.095  000.095: sourcing /Users/steven/.config/nvim/autoload/plugged/vim-airline/autoload/airline/extensions/fugitiveline.vim
337.210  000.080  000.080: sourcing /Users/steven/.config/nvim/autoload/plugged/vim-airline/autoload/airline/extensions/syntastic.vim
337.672  000.078  000.078: sourcing /Users/steven/.config/nvim/autoload/plugged/vim-airline/autoload/airline/extensions/coc.vim
338.302  000.215  000.215: sourcing /Users/steven/.config/nvim/autoload/plugged/vim-airline/autoload/airline/extensions/whitespace.vim
339.130  000.092  000.092: sourcing /Users/steven/.config/nvim/autoload/plugged/vim-airline/autoload/airline/extensions/po.vim
339.584  000.137  000.137: sourcing /Users/steven/.config/nvim/autoload/plugged/vim-airline/autoload/airline/extensions/wordcount.vim
340.089  000.232  000.232: sourcing /Users/steven/.config/nvim/autoload/plugged/vim-airline/autoload/airline/extensions/tabline.vim
340.576  000.107  000.107: sourcing /Users/steven/.config/nvim/autoload/plugged/vim-airline/autoload/airline/extensions/tabline/autoshow.vim
341.191  000.133  000.133: sourcing /Users/steven/.config/nvim/autoload/plugged/vim-airline/autoload/airline/extensions/tabline/tabs.vim
341.838  000.312  000.312: sourcing /Users/steven/.config/nvim/autoload/plugged/vim-airline/autoload/airline/extensions/tabline/buffers.vim
342.452  000.054  000.054: sourcing /Users/steven/.config/nvim/autoload/plugged/vim-airline/autoload/airline/extensions/keymap.vim
356.728  003.199  003.199: sourcing /Users/steven/.config/nvim/autoload/plugged/vim-airline-themes/autoload/airline/themes/base16.vim
363.577  003.287  003.287: sourcing /Users/steven/.config/nvim/autoload/plugged/vim-airline-themes/autoload/airline/themes/base16.vim
403.187  000.225  000.225: sourcing /Users/steven/.config/nvim/autoload/plugged/vim-airline/autoload/airline/builder.vim
404.014  000.149  000.149: sourcing /Users/steven/.config/nvim/autoload/plugged/vim-airline/autoload/airline/extensions/default.vim
442.379  000.296  000.296: sourcing /Users/steven/.config/nvim/autoload/plugged/syntastic/autoload/syntastic/log.vim
443.178  101.319: opening buffers
448.709  005.532: BufEnter autocommands
448.717  000.008: editing files in windows
453.662  001.259  001.259: sourcing /Users/steven/.config/nvim/autoload/plugged/vim-startify/autoload/startify.vim
454.521  000.174  000.174: sourcing /Users/steven/.config/nvim/autoload/plugged/vim-airline/autoload/airline/extensions/tabline/buflist.vim
455.924  000.795  000.795: sourcing /Users/steven/.config/nvim/autoload/plugged/vim-startify/autoload/startify/fortune.vim
496.117  000.422  000.422: sourcing /Users/steven/.config/nvim/autoload/plugged/vim-startify/syntax/startify.vim
506.487  055.119: VimEnter autocommands
506.493  000.006: UIEnter autocommands
506.497  000.004: before starting main loop
508.031  001.362  001.362: sourcing /Users/steven/.config/nvim/autoload/plugged/coc.nvim/autoload/coc/float.vim
509.314  000.172  000.172: sourcing /Users/steven/.config/nvim/autoload/plugged/vim-airline/autoload/airline/extensions/tabline/ctrlspace.vim
509.730  000.142  000.142: sourcing /Users/steven/.config/nvim/autoload/plugged/vim-airline/autoload/airline/extensions/tabline/tabws.vim
510.528  000.188  000.188: sourcing /Users/steven/.config/nvim/autoload/plugged/vim-airline/autoload/airline/extensions/tabline/builder.vim
534.998  026.637: first screen update
535.003  000.004: --- NVIM STARTED ---


times in msec
 clock   self+sourced   self:  sourced script
 clock   elapsed:              other lines

000.009  000.009: --- NVIM STARTING ---
000.918  000.909: locale set
001.654  000.736: inits 1
001.689  000.035: window checked
001.692  000.004: parsing arguments
002.010  000.317: expanding arguments
002.085  000.075: inits 2
002.654  000.569: init highlight
002.656  000.001: waiting for UI
006.497  003.842: done waiting for UI
006.515  000.017: initialized screen early for UI
007.158  000.066  000.066: sourcing /Users/steven/.config/nvim/general/functions.vim
008.160  000.371  000.371: sourcing /usr/local/Cellar/neovim/HEAD-d6d4e3d/share/nvim/runtime/syntax/syncolor.vim
008.669  001.057  000.686: sourcing /usr/local/Cellar/neovim/HEAD-d6d4e3d/share/nvim/runtime/syntax/synload.vim
019.688  010.861  010.861: sourcing /usr/local/Cellar/neovim/HEAD-d6d4e3d/share/nvim/runtime/filetype.vim
020.033  012.625  000.707: sourcing /usr/local/Cellar/neovim/HEAD-d6d4e3d/share/nvim/runtime/syntax/syntax.vim
020.629  000.240  000.240: sourcing /usr/local/Cellar/neovim/HEAD-d6d4e3d/share/nvim/runtime/syntax/syncolor.vim
021.334  014.100  001.235: sourcing /Users/steven/.config/nvim/general/settings.vim
021.692  000.267  000.267: sourcing /Users/steven/.config/nvim/keys/mappings.vim
021.817  000.048  000.048: sourcing /Users/steven/.config/nvim/plug-config/airline.vim
022.519  000.632  000.632: sourcing /Users/steven/.config/nvim/plug-config/coc.vim
022.649  000.050  000.050: sourcing /Users/steven/.config/nvim/plug-config/floaterm.vim
022.891  000.174  000.174: sourcing /Users/steven/.config/nvim/plug-config/fzf.vim
022.975  000.011  000.011: sourcing /Users/steven/.config/nvim/plug-config/signify.vim
023.125  000.079  000.079: sourcing /Users/steven/.config/nvim/plug-config/vimspector.vim
025.723  002.394  002.394: sourcing /Users/steven/.config/nvim/autoload/plug.vim
034.100  002.275  002.275: sourcing /usr/local/Cellar/neovim/HEAD-d6d4e3d/share/nvim/runtime/ftoff.vim
038.574  000.020  000.020: sourcing /Users/steven/.config/nvim/autoload/plugged/vim-polyglot/filetype.vim
049.583  000.032  000.032: sourcing /Users/steven/.config/nvim/autoload/plugged/vim-polyglot/ftdetect/polyglot.vim
049.904  000.051  000.051: sourcing /Users/steven/.config/nvim/autoload/plugged/vim-fugitive/ftdetect/fugitive.vim
050.685  011.813  011.731: sourcing /usr/local/Cellar/neovim/HEAD-d6d4e3d/share/nvim/runtime/filetype.vim
051.338  000.022  000.022: sourcing /Users/steven/.config/nvim/autoload/plugged/vim-polyglot/ftdetect/polyglot.vim
051.561  000.019  000.019: sourcing /Users/steven/.config/nvim/autoload/plugged/vim-fugitive/ftdetect/fugitive.vim
074.780  036.908  025.033: sourcing /Users/steven/.config/nvim/autoload/plugged/vim-polyglot/autoload/polyglot/init.vim
074.804  037.042  000.134: sourcing /Users/steven/.config/nvim/autoload/plugged/vim-polyglot/filetype.vim
075.155  000.029  000.029: sourcing /usr/local/Cellar/neovim/HEAD-d6d4e3d/share/nvim/runtime/filetype.vim
075.900  000.064  000.064: sourcing /usr/local/Cellar/neovim/HEAD-d6d4e3d/share/nvim/runtime/ftplugin.vim
076.573  000.059  000.059: sourcing /usr/local/Cellar/neovim/HEAD-d6d4e3d/share/nvim/runtime/indent.vim
078.440  000.379  000.379: sourcing /usr/local/Cellar/neovim/HEAD-d6d4e3d/share/nvim/runtime/syntax/syncolor.vim
080.045  000.333  000.333: sourcing /usr/local/Cellar/neovim/HEAD-d6d4e3d/share/nvim/runtime/syntax/syncolor.vim
095.022  017.948  017.235: sourcing /Users/steven/.config/nvim/colors/mountaineer-grey.vim
095.054  071.851  012.039: sourcing /Users/steven/.config/nvim/vim-plug/plugins.vim
095.343  000.179  000.179: sourcing /Users/steven/.config/nvim/plug-config/minimap.vim
095.527  000.110  000.110: sourcing /Users/steven/.config/nvim/plug-config/closetag.vim
096.214  000.085  000.085: sourcing /Users/steven/.config/nvim/autoload/plugged/vim-airline/autoload/airline/themes.vim
096.741  000.298  000.298: sourcing /Users/steven/.config/nvim/autoload/plugged/vim-airline/autoload/airline/highlighter.vim
099.845  003.967  003.585: sourcing /Users/steven/.config/nvim/autoload/plugged/vim-airline-themes/autoload/airline/themes/zenburn.vim
103.351  007.740  003.772: sourcing /Users/steven/.config/nvim/autoload/plugged/vim-airline-themes/autoload/airline/themes/zenburn.vim
103.522  096.525  001.218: sourcing /Users/steven/.config/nvim/init.vim
103.531  000.491: sourcing vimrc file(s)
104.950  000.386  000.386: sourcing /Users/steven/.config/nvim/autoload/plugged/NERDTree/autoload/nerdtree.vim
106.189  000.677  000.677: sourcing /Users/steven/.config/nvim/autoload/plugged/NERDTree/lib/nerdtree/path.vim
106.458  000.164  000.164: sourcing /Users/steven/.config/nvim/autoload/plugged/NERDTree/lib/nerdtree/menu_controller.vim
106.653  000.100  000.100: sourcing /Users/steven/.config/nvim/autoload/plugged/NERDTree/lib/nerdtree/menu_item.vim
106.876  000.131  000.131: sourcing /Users/steven/.config/nvim/autoload/plugged/NERDTree/lib/nerdtree/key_map.vim
107.245  000.276  000.276: sourcing /Users/steven/.config/nvim/autoload/plugged/NERDTree/lib/nerdtree/bookmark.vim
107.656  000.316  000.316: sourcing /Users/steven/.config/nvim/autoload/plugged/NERDTree/lib/nerdtree/tree_file_node.vim
108.324  000.565  000.565: sourcing /Users/steven/.config/nvim/autoload/plugged/NERDTree/lib/nerdtree/tree_dir_node.vim
108.716  000.285  000.285: sourcing /Users/steven/.config/nvim/autoload/plugged/NERDTree/lib/nerdtree/opener.vim
109.101  000.286  000.286: sourcing /Users/steven/.config/nvim/autoload/plugged/NERDTree/lib/nerdtree/creator.vim
109.266  000.066  000.066: sourcing /Users/steven/.config/nvim/autoload/plugged/NERDTree/lib/nerdtree/flag_set.vim
109.535  000.178  000.178: sourcing /Users/steven/.config/nvim/autoload/plugged/NERDTree/lib/nerdtree/nerdtree.vim
110.053  000.383  000.383: sourcing /Users/steven/.config/nvim/autoload/plugged/NERDTree/lib/nerdtree/ui.vim
110.181  000.031  000.031: sourcing /Users/steven/.config/nvim/autoload/plugged/NERDTree/lib/nerdtree/event.vim
110.336  000.059  000.059: sourcing /Users/steven/.config/nvim/autoload/plugged/NERDTree/lib/nerdtree/notifier.vim
111.059  000.610  000.610: sourcing /Users/steven/.config/nvim/autoload/plugged/NERDTree/autoload/nerdtree/ui_glue.vim
117.064  000.208  000.208: sourcing /Users/steven/.config/nvim/autoload/plugged/NERDTree/nerdtree_plugin/exec_menuitem.vim
118.806  000.415  000.415: sourcing /usr/local/Cellar/neovim/HEAD-d6d4e3d/share/nvim/runtime/autoload/provider/clipboard.vim
119.272  002.092  001.677: sourcing /Users/steven/.config/nvim/autoload/plugged/NERDTree/nerdtree_plugin/fs_menu.vim
119.434  000.070  000.070: sourcing /Users/steven/.config/nvim/autoload/plugged/NERDTree/nerdtree_plugin/vcs.vim
121.052  000.669  000.669: sourcing /Users/steven/.config/nvim/autoload/plugged/vim-devicons/nerdtree_plugin/webdevicons.vim
122.064  017.802  010.252: sourcing /Users/steven/.config/nvim/autoload/plugged/NERDTree/plugin/NERD_tree.vim
123.005  000.621  000.621: sourcing /Users/steven/.config/nvim/autoload/plugged/auto-pairs/plugin/auto-pairs.vim
123.719  000.192  000.192: sourcing /Users/steven/.config/nvim/autoload/plugged/coc.nvim/autoload/coc/rpc.vim
124.619  000.754  000.754: sourcing /Users/steven/.config/nvim/autoload/plugged/coc.nvim/autoload/coc/util.vim
125.589  000.588  000.588: sourcing /Users/steven/.config/nvim/autoload/plugged/coc.nvim/autoload/coc/client.vim
134.850  011.584  010.049: sourcing /Users/steven/.config/nvim/autoload/plugged/coc.nvim/plugin/coc.vim
136.720  001.371  001.371: sourcing /Users/steven/.config/nvim/autoload/plugged/quick-scope/plugin/quick_scope.vim
145.744  008.733  008.733: sourcing /Users/steven/.config/nvim/autoload/plugged/nerdcommenter/plugin/NERD_commenter.vim
147.148  000.950  000.950: sourcing /Users/steven/.config/nvim/autoload/plugged/vim-closetag/plugin/closetag.vim
148.363  000.773  000.773: sourcing /Users/steven/.config/nvim/autoload/plugged/vim-surround/plugin/surround.vim
149.196  000.544  000.544: sourcing /Users/steven/.config/nvim/autoload/plugged/vim-signify/plugin/signify.vim
152.235  002.758  002.758: sourcing /Users/steven/.config/nvim/autoload/plugged/vim-fugitive/plugin/fugitive.vim
153.133  000.555  000.555: sourcing /Users/steven/.config/nvim/autoload/plugged/vim-rhubarb/plugin/rhubarb.vim
153.683  000.314  000.314: sourcing /Users/steven/.config/nvim/autoload/plugged/gv.vim/plugin/gv.vim
155.062  001.095  001.095: sourcing /Users/steven/.config/nvim/autoload/plugged/fzf/plugin/fzf.vim
156.862  001.518  001.518: sourcing /Users/steven/.config/nvim/autoload/plugged/fzf.vim/plugin/fzf.vim
157.456  000.326  000.326: sourcing /Users/steven/.config/nvim/autoload/plugged/vim-rooter/plugin/rooter.vim
158.475  000.151  000.151: sourcing /Users/steven/.config/nvim/autoload/plugged/vim-airline/autoload/airline/init.vim
159.281  000.152  000.152: sourcing /Users/steven/.config/nvim/autoload/plugged/vim-airline/autoload/airline/parts.vim
159.750  000.028  000.028: sourcing /Users/steven/.config/nvim/autoload/plugged/vim-airline/autoload/airline/formatter/short_path.vim
161.755  000.261  000.261: sourcing /Users/steven/.config/nvim/autoload/plugged/vim-airline/autoload/airline/util.vim
161.904  004.189  003.595: sourcing /Users/steven/.config/nvim/autoload/plugged/vim-airline/plugin/airline.vim
162.247  000.057  000.057: sourcing /Users/steven/.config/nvim/autoload/plugged/vim-airline-themes/plugin/airline-themes.vim
162.711  000.193  000.193: sourcing /Users/steven/.config/nvim/autoload/plugged/vim-maximizer/plugin/maximizer.vim
163.707  000.730  000.730: sourcing /Users/steven/.config/nvim/autoload/plugged/vim-floaterm/plugin/floaterm.vim
164.090  000.059  000.059: sourcing /Users/steven/.config/nvim/autoload/plugged/nvim-web-devicons/plugin/nvim-web-devicons.vim
165.955  000.251  000.251: sourcing /Users/steven/.config/nvim/autoload/plugged/vim-airline/autoload/airline.vim
168.693  004.380  004.129: sourcing /Users/steven/.config/nvim/autoload/plugged/vim-devicons/plugin/webdevicons.vim
169.160  000.180  000.180: sourcing /Users/steven/.config/nvim/autoload/plugged/vim-startify/plugin/startify.vim
170.011  000.574  000.574: sourcing /Users/steven/.config/nvim/autoload/plugged/vimspector/plugin/vimspector.vim
171.285  000.030  000.030: sourcing /Users/steven/.config/nvim/autoload/plugged/syntastic/plugin/syntastic/autoloclist.vim
171.404  000.025  000.025: sourcing /Users/steven/.config/nvim/autoload/plugged/syntastic/plugin/syntastic/balloons.vim
171.511  000.024  000.024: sourcing /Users/steven/.config/nvim/autoload/plugged/syntastic/plugin/syntastic/checker.vim
171.606  000.022  000.022: sourcing /Users/steven/.config/nvim/autoload/plugged/syntastic/plugin/syntastic/cursor.vim
171.704  000.023  000.023: sourcing /Users/steven/.config/nvim/autoload/plugged/syntastic/plugin/syntastic/highlighting.vim
171.805  000.022  000.022: sourcing /Users/steven/.config/nvim/autoload/plugged/syntastic/plugin/syntastic/loclist.vim
171.973  000.023  000.023: sourcing /Users/steven/.config/nvim/autoload/plugged/syntastic/plugin/syntastic/modemap.vim
172.101  000.026  000.026: sourcing /Users/steven/.config/nvim/autoload/plugged/syntastic/plugin/syntastic/notifiers.vim
172.212  000.023  000.023: sourcing /Users/steven/.config/nvim/autoload/plugged/syntastic/plugin/syntastic/registry.vim
172.328  000.024  000.024: sourcing /Users/steven/.config/nvim/autoload/plugged/syntastic/plugin/syntastic/signs.vim
173.581  000.695  000.695: sourcing /Users/steven/.config/nvim/autoload/plugged/syntastic/autoload/syntastic/util.vim
384.116  000.093  000.093: sourcing /Users/steven/.config/nvim/autoload/plugged/syntastic/plugin/syntastic/autoloclist.vim
384.298  000.089  000.089: sourcing /Users/steven/.config/nvim/autoload/plugged/syntastic/plugin/syntastic/balloons.vim
384.681  000.302  000.302: sourcing /Users/steven/.config/nvim/autoload/plugged/syntastic/plugin/syntastic/checker.vim
384.905  000.139  000.139: sourcing /Users/steven/.config/nvim/autoload/plugged/syntastic/plugin/syntastic/cursor.vim
385.102  000.118  000.118: sourcing /Users/steven/.config/nvim/autoload/plugged/syntastic/plugin/syntastic/highlighting.vim
385.618  000.377  000.377: sourcing /Users/steven/.config/nvim/autoload/plugged/syntastic/plugin/syntastic/loclist.vim
385.868  000.127  000.127: sourcing /Users/steven/.config/nvim/autoload/plugged/syntastic/plugin/syntastic/modemap.vim
386.104  000.158  000.158: sourcing /Users/steven/.config/nvim/autoload/plugged/syntastic/plugin/syntastic/notifiers.vim
386.646  000.462  000.462: sourcing /Users/steven/.config/nvim/autoload/plugged/syntastic/plugin/syntastic/registry.vim
386.868  000.138  000.138: sourcing /Users/steven/.config/nvim/autoload/plugged/syntastic/plugin/syntastic/signs.vim
388.627  216.212  213.512: sourcing /Users/steven/.config/nvim/autoload/plugged/syntastic/plugin/syntastic.vim
391.682  002.614  002.614: sourcing /Users/steven/.config/nvim/autoload/plugged/vim-polyglot/plugin/polyglot.vim
393.245  000.317  000.317: sourcing /usr/local/Cellar/neovim/HEAD-d6d4e3d/share/nvim/runtime/plugin/gzip.vim
393.374  000.029  000.029: sourcing /usr/local/Cellar/neovim/HEAD-d6d4e3d/share/nvim/runtime/plugin/health.vim
393.582  000.122  000.122: sourcing /usr/local/Cellar/neovim/HEAD-d6d4e3d/share/nvim/runtime/plugin/man.vim
395.875  000.391  000.391: sourcing /usr/local/Cellar/neovim/HEAD-d6d4e3d/share/nvim/runtime/pack/dist/opt/matchit/plugin/matchit.vim
395.973  002.300  001.909: sourcing /usr/local/Cellar/neovim/HEAD-d6d4e3d/share/nvim/runtime/plugin/matchit.vim
396.317  000.244  000.244: sourcing /usr/local/Cellar/neovim/HEAD-d6d4e3d/share/nvim/runtime/plugin/matchparen.vim
397.284  000.855  000.855: sourcing /usr/local/Cellar/neovim/HEAD-d6d4e3d/share/nvim/runtime/plugin/netrwPlugin.vim
397.779  000.298  000.298: sourcing /usr/local/Cellar/neovim/HEAD-d6d4e3d/share/nvim/runtime/plugin/rplugin.vim
398.303  000.283  000.283: sourcing /usr/local/Cellar/neovim/HEAD-d6d4e3d/share/nvim/runtime/plugin/shada.vim
398.482  000.048  000.048: sourcing /usr/local/Cellar/neovim/HEAD-d6d4e3d/share/nvim/runtime/plugin/spellfile.vim
398.863  000.268  000.268: sourcing /usr/local/Cellar/neovim/HEAD-d6d4e3d/share/nvim/runtime/plugin/tarPlugin.vim
399.136  000.143  000.143: sourcing /usr/local/Cellar/neovim/HEAD-d6d4e3d/share/nvim/runtime/plugin/tohtml.vim
399.277  000.040  000.040: sourcing /usr/local/Cellar/neovim/HEAD-d6d4e3d/share/nvim/runtime/plugin/tutor.vim
399.874  000.496  000.496: sourcing /usr/local/Cellar/neovim/HEAD-d6d4e3d/share/nvim/runtime/plugin/zipPlugin.vim
399.939  012.592: loading plugins
400.364  000.425: loading packages
400.893  000.529: loading after plugins
400.909  000.016: inits 3
406.143  005.234: reading ShaDa
407.445  000.459  000.459: sourcing /Users/steven/.config/nvim/autoload/plugged/vim-airline/autoload/airline/extensions.vim
407.824  000.092  000.092: sourcing /Users/steven/.config/nvim/autoload/plugged/vim-airline/autoload/airline/extensions/quickfix.vim
408.246  000.062  000.062: sourcing /Users/steven/.config/nvim/autoload/plugged/vim-airline/autoload/airline/extensions/netrw.vim
408.588  000.063  000.063: sourcing /Users/steven/.config/nvim/autoload/plugged/vim-airline/autoload/airline/extensions/fzf.vim
409.425  000.107  000.107: sourcing /Users/steven/.config/nvim/autoload/plugged/vim-airline/autoload/airline/section.vim
410.176  001.186  001.079: sourcing /Users/steven/.config/nvim/autoload/plugged/vim-airline/autoload/airline/extensions/term.vim
410.712  000.156  000.156: sourcing /Users/steven/.config/nvim/autoload/plugged/vim-airline/autoload/airline/extensions/hunks.vim
411.452  000.317  000.317: sourcing /Users/steven/.config/nvim/autoload/plugged/vim-airline/autoload/airline/extensions/branch.vim
411.903  000.088  000.088: sourcing /Users/steven/.config/nvim/autoload/plugged/vim-airline/autoload/airline/extensions/fugitiveline.vim
412.344  000.081  000.081: sourcing /Users/steven/.config/nvim/autoload/plugged/vim-airline/autoload/airline/extensions/syntastic.vim
412.792  000.084  000.084: sourcing /Users/steven/.config/nvim/autoload/plugged/vim-airline/autoload/airline/extensions/coc.vim
413.539  000.348  000.348: sourcing /Users/steven/.config/nvim/autoload/plugged/vim-airline/autoload/airline/extensions/whitespace.vim
414.362  000.100  000.100: sourcing /Users/steven/.config/nvim/autoload/plugged/vim-airline/autoload/airline/extensions/po.vim
414.956  000.180  000.180: sourcing /Users/steven/.config/nvim/autoload/plugged/vim-airline/autoload/airline/extensions/wordcount.vim
415.491  000.246  000.246: sourcing /Users/steven/.config/nvim/autoload/plugged/vim-airline/autoload/airline/extensions/tabline.vim
415.864  000.081  000.081: sourcing /Users/steven/.config/nvim/autoload/plugged/vim-airline/autoload/airline/extensions/tabline/autoshow.vim
416.420  000.139  000.139: sourcing /Users/steven/.config/nvim/autoload/plugged/vim-airline/autoload/airline/extensions/tabline/tabs.vim
417.028  000.295  000.295: sourcing /Users/steven/.config/nvim/autoload/plugged/vim-airline/autoload/airline/extensions/tabline/buffers.vim
417.583  000.056  000.056: sourcing /Users/steven/.config/nvim/autoload/plugged/vim-airline/autoload/airline/extensions/keymap.vim
434.011  003.795  003.795: sourcing /Users/steven/.config/nvim/autoload/plugged/vim-airline-themes/autoload/airline/themes/base16.vim
441.890  003.908  003.908: sourcing /Users/steven/.config/nvim/autoload/plugged/vim-airline-themes/autoload/airline/themes/base16.vim
489.234  000.280  000.280: sourcing /Users/steven/.config/nvim/autoload/plugged/vim-airline/autoload/airline/builder.vim
490.397  000.197  000.197: sourcing /Users/steven/.config/nvim/autoload/plugged/vim-airline/autoload/airline/extensions/default.vim
538.028  000.291  000.291: sourcing /Users/steven/.config/nvim/autoload/plugged/syntastic/autoload/syntastic/log.vim
538.458  119.810: opening buffers
543.417  004.959: BufEnter autocommands
543.422  000.005: editing files in windows
547.627  001.217  001.217: sourcing /Users/steven/.config/nvim/autoload/plugged/vim-startify/autoload/startify.vim
548.274  000.111  000.111: sourcing /Users/steven/.config/nvim/autoload/plugged/vim-airline/autoload/airline/extensions/tabline/buflist.vim
549.345  000.703  000.703: sourcing /Users/steven/.config/nvim/autoload/plugged/vim-startify/autoload/startify/fortune.vim
588.262  000.421  000.421: sourcing /Users/steven/.config/nvim/autoload/plugged/vim-startify/syntax/startify.vim
599.301  053.428: VimEnter autocommands
599.307  000.006: UIEnter autocommands
599.312  000.005: before starting main loop
600.791  001.292  001.292: sourcing /Users/steven/.config/nvim/autoload/plugged/coc.nvim/autoload/coc/float.vim
602.137  000.179  000.179: sourcing /Users/steven/.config/nvim/autoload/plugged/vim-airline/autoload/airline/extensions/tabline/ctrlspace.vim
602.583  000.175  000.175: sourcing /Users/steven/.config/nvim/autoload/plugged/vim-airline/autoload/airline/extensions/tabline/tabws.vim
603.460  000.204  000.204: sourcing /Users/steven/.config/nvim/autoload/plugged/vim-airline/autoload/airline/extensions/tabline/builder.vim
627.110  025.949: first screen update
627.114  000.005: --- NVIM STARTED ---
